<?xml version="1.0" encoding="UTF-8"?>
<!-- Generated by org.testng.reporters.JUnitReportReporter -->
<testsuite hostname="ORDA21011" name="JuegotresrayasTest" tests="9" failures="0" timestamp="16 May 2018 14:18:56 GMT" time="0.016" errors="0">
  <testcase name="testhaydiagonales" time="0.000" classname="JuegotresrayasTest"/>
  <testcase name="testcopiarmatrices" time="0.016" classname="JuegotresrayasTest"/>
  <testcase name="testesganador" time="0.000" classname="JuegotresrayasTest"/>
  <testcase name="testdefensadiagonal" time="0.000" classname="JuegotresrayasTest"/>
  <testcase name="testdefensasuperior" time="0.000" classname="JuegotresrayasTest"/>
  <testcase name="testhayfilas" time="0.000" classname="JuegotresrayasTest"/>
  <testcase name="testdefensainferior" time="0.000" classname="JuegotresrayasTest"/>
  <testcase name="testhaycolumnas" time="0.000" classname="JuegotresrayasTest"/>
  <testcase name="testcolocarficha" time="0.000" classname="JuegotresrayasTest"/>
</testsuite> <!-- JuegotresrayasTest -->
